=== git ls-files (core.quotePath default=true) ===
"01_\346\212\200\350\241\223\343\202\271\343\202\277\343\203\203\343\202\257\351\201\270\345\256\232.md"
"\343\202\250\343\203\251\343\203\274\345\207\246\347\220\206\350\250\255\350\250\210\346\233\270.md"
"\343\203\206\343\202\271\343\203\210\350\250\210\347\224\273\346\233\270.md"
"\343\203\207\343\203\274\343\202\277\343\203\242\343\203\207\343\203\253\350\250\255\350\250\210.md"
"\343\203\220\343\203\203\343\203\201\350\250\255\350\250\210\346\233\270.md"
"\343\203\241\343\202\244\343\203\263\345\207\246\347\220\206.py"
"\343\203\255\343\202\260\350\250\255\350\250\210\346\233\270.md"
"\345\205\261\351\200\232\351\226\242\346\225\260.py"
"\345\244\226\351\203\250\351\200\243\346\220\272\350\250\255\350\250\210\346\233\270.md"
"\346\223\215\344\275\234\343\203\236\343\203\213\343\203\245\343\202\242\343\203\253.md"
"\346\265\267\344\270\212\345\205\245\345\207\272\350\215\267\345\256\237\347\270\276_\350\250\255\350\250\210\346\233\270.md"
"\347\224\273\351\235\242\350\250\255\350\250\210/README.md"
"\347\224\273\351\235\242\351\201\267\347\247\273\345\233\263_\345\205\250\344\275\223.md"
"\350\250\255\350\250\210\346\233\270_\347\224\273\351\235\242\344\270\200\350\246\247.xlsx"
"\350\252\215\350\250\274\350\252\215\345\217\257\350\250\255\350\250\210\346\233\270.md"
"\351\201\213\347\224\250\350\250\255\350\250\210\346\233\270.md"

=== git log --name-only --oneline ===
1eec986 Add 共通関数.py
"\345\205\261\351\200\232\351\226\242\346\225\260.py"
018d2b7 Add メイン処理.py
"\343\203\241\343\202\244\343\203\263\345\207\246\347\220\206.py"
51f74b0 Add 運用設計書.md
"\351\201\213\347\224\250\350\250\255\350\250\210\346\233\270.md"
2e61bb0 Add 操作マニュアル.md
"\346\223\215\344\275\234\343\203\236\343\203\213\343\203\245\343\202\242\343\203\253.md"
a747143 Add 外部連携設計書.md
"\345\244\226\351\203\250\351\200\243\346\220\272\350\250\255\350\250\210\346\233\270.md"
d9289b4 Add バッチ設計書.md
"\343\203\220\343\203\203\343\203\201\350\250\255\350\250\210\346\233\270.md"
c2430ea Add ログ設計書.md
"\343\203\255\343\202\260\350\250\255\350\250\210\346\233\270.md"
c28472a Add 認証認可設計書.md
"\350\252\215\350\250\274\350\252\215\345\217\257\350\250\255\350\250\210\346\233\270.md"
f11aa54 Add エラー処理設計書.md
"\343\202\250\343\203\251\343\203\274\345\207\246\347\220\206\350\250\255\350\250\210\346\233\270.md"
bccb729 Add 画面遷移図_全体.md
"\347\224\273\351\235\242\351\201\267\347\247\273\345\233\263_\345\205\250\344\275\223.md"
f971f2c Add データモデル設計.md
"\343\203\207\343\203\274\343\202\277\343\203\242\343\203\207\343\203\253\350\250\255\350\250\210.md"
677e955 Add テスト計画書.md
"\343\203\206\343\202\271\343\203\210\350\250\210\347\224\273\346\233\270.md"
13f2a18 Add 画面設計/README.md
"\347\224\273\351\235\242\350\250\255\350\250\210/README.md"
b281b51 Add 01_技術スタック選定.md
"01_\346\212\200\350\241\223\343\202\271\343\202\277\343\203\203\343\202\257\351\201\270\345\256\232.md"
95f961d Add 海上入出荷実績_設計書.md
"\346\265\267\344\270\212\345\205\245\345\207\272\350\215\267\345\256\237\347\270\276_\350\250\255\350\250\210\346\233\270.md"
10b10aa Add 設計書_画面一覧.xlsx
"\350\250\255\350\250\210\346\233\270_\347\224\273\351\235\242\344\270\200\350\246\247.xlsx"

=== git -c core.quotePath=false ls-files ===
01_技術スタック選定.md
エラー処理設計書.md
テスト計画書.md
データモデル設計.md
バッチ設計書.md
メイン処理.py
ログ設計書.md
共通関数.py
外部連携設計書.md
操作マニュアル.md
海上入出荷実績_設計書.md
画面設計/README.md
画面遷移図_全体.md
設計書_画面一覧.xlsx
認証認可設計書.md
運用設計書.md

=== first byte of each quoted line (hex) ===
00000000: 2230 315f 5c33 3436 5c32 3132 5c32 3030  "01_\346\212\200
00000010: 5c33 3530 5c32 3431 5c32 3233 5c33 3433  \350\241\223\343
00000020: 5c32 3032 5c32 3731 5c33 3433 5c32 3032  \202\271\343\202
00000030: 5c32 3737 5c33 3433 5c32 3033 5c32 3033  \277\343\203\203
00000040: 5c33 3433 5c32 3032 5c32 3537 5c33 3531  \343\202\257\351
00000050: 5c32 3031 5c32 3730 5c33 3435 5c32 3536  \201\270\345\256
