PAGE TITLE: adames-cognition/quotepath-repro-strict | DeepWiki
Filled email: adames.hodelin@cognition.ai
Clicked Index Repository

--- api.devin.ai responses ---
GET 200 https://api.devin.ai/ada/public_repo_indexing_status?repo_name=adames-cognition%2Fquotepath-repro-strict
POST 200 https://api.devin.ai/ada/index_public_repo?repo_name=adames-cognition%2Fquotepath-repro-strict&email_to_notify=adames.hodelin%40cognition.ai&recaptcha_token=0cAFcWeA7i2gUNIVFGmq6pvZJASsjHQwmvE4AQOjbOzisdHvoKSUP2RMvV7mDKwZq8OoXuaFrqjRHSRt7y3aDdNTnDbBq_bELewkzkI6UsdS1GsjoEHUxsxL8MERyqR1-0JKbC8I6ynVViXGkajDvC8_WcMQtvHLoIjxfnX9YD-ojoOGoO1GhiuwvX4NZPto1DNNfGCl2nhYLOH-GjsI8JHjlIBVJxoOxTjVNo1Hw9DKTGTQ1PdbMqZmE9wLWFT4pqtW2ayk-Wh2izImcdWQB0m03ySHoxhNyqeGElyzrSMLhyuOBrQR_-CEZwv-1xKPJ7WSeAZ4HEbcR9vKQvNzafg03bvTdKdK6JM1fsOo3edpVn-MuQwLTZsHVeiysoJlesuSz20q4P_a3PWtOqB_XCfhabtR70H7c7tFKV_GS0FxuL8hVgMI438KtQYaOUFaaZFWjz4Nj2CY7B4cN9Q3Qh0CyDnAXFts0MrIRzGCn1Ua7xC8KMKvj_fqreEpdh41fd7Ti_msuA-9IjV6woiFsq8_ekQxsZR4cF6Cbo9cnny9gFFYep2USrghFZgfiYdoMk6Fg7oIxGDumuendNECWHNxnSldT8tyeGc-otiexUeZtk0ZzNy3C-B-u1_2xnPBWliMnPZVZZq4nfRnPCiOtG8KLMrK0SeuuKpVi3OQmkWNhE_6HFpSIWQO0BMSnt2acdLsa5eaB9iHN0zWojlW46PK08xkpoMPuW2BOQQmiJoyIDDMIGrLCDPLHCREG1sccrPF6u7LKn489vorlGi0UTeba07-l3rbwnOPiJHAx7vyZ9ZTwHh7h84a0h3fK-kYr1O8KK85g-DgUJd_gLMXfWZTuqkT7PXg7WZm6fHU7ZHTkuConJByNRZd5ao28uRVuYL3CyisWSIgBHau6uT_dvj59naknnRBAK5NHTaYipl3bMDX4HvBLzHwY9NL5o2Byq3PM3-mLi3T32GChJ-_NL6Rj2jO59QHykLM6bwLCGXcrmmg2epYnPy_VjcAt3mOLHEM51f4erpvQqAa2vhyNcg21YlRM04HCQNXYfjvMPn93TxSStXwzSTi1oXZPzbvEWdpeTf3hRyytxXypDGuuVwcTfDey-SvX40ke1iUwMjpqaY60kgLHdnRptVyWXioCNol70KKgXesS15Mq3-ZW1yo5npdR-VndcbR8fL-OsN8svyNkrnVO8gjeBv5JtiE73x0GwO2pHi1YjLh9gq9cAyKACCCKkwyqoXT32Q9-0oyjaF723uuSyhvGOEiGVYbvvmxRpo6FMjmxDaOyfxSK5Zo2luq-clatn_kpFI8d7QLmsT9btt8XEJJdvB1O56NsdluXtPMSS2DRTgnDhfLAGCBGU9yEPG0IfphJ3KSafISP05UMIze-XTI2GeX4f7lUZ9xxwK_kxNM9GJZe3NhIn-dJf-NPHDBtQnNlpvfbmF2t2eWWlBw16gjvqHRlfKjz6pq9po1Q3KYd3QTNn6Q1aSLMDUl-yoKLOUFi5gVgKlVCx5g_CM_VX6dDpEy94bcOyWYAnP_wH9f8xoe18QPPf81OkYlSvScc1x5o3hphGccsnIki6VsmLXIZWbp44jq-sNMaw0123TgyC1-uNQ4V2o_1qXxmJqNUijFHFAbBx1VBgngu-J0PfT2f7u8M_6KTxWY1eFg-XBPRFGyVvRwrCKt3XaCp0B1BSx7BuUVzKnbB1nC8fLIMOMza_eION1XrvRtqge_y68ilB_XMfA9d8io2xH8GSMztGQ9lujJofobTlzql13D9v0OJ_xLXUFIFmKNJQrb-OMB-EwJdh0XJ7I6HBek_nKuGVrnutrZzJ_AzX4iPiNIAmduZpEYvg-Z2J6kgemNk_zAduy4TJVdRvG8E_ai8lhLh-ovxAa2p-gM8rOJvTavhYcWtVxoIKLdRgxnF7eBRnbUkSv4wXbAwvNGZuGLVniPFmtpMlTob_nlgXp_hiUx_uZj2HRflcnng-Flaekl-6PVl8tdfnN8PpNIw1dVyG_5TleZnK6HuaQ4TmIRogwlnEU40NM2ScWG1Sn7Lp4L45KJK98NUFFTBEcJe6hV-9VsGIV9qQLGJT7gWcqokNJ2ncjmEAxlMRpJzcl3Jfx8kIvCugzmXXVpRc8lFhbsbGKqSZ8Q
  BODY: {"message":"Indexing job launched"}
GET 200 https://api.devin.ai/ada/public_repo_indexing_status?repo_name=adames-cognition%2Fquotepath-repro-strict

--- page state after submit ---
DeepWiki

adames-cognition/quotepath-repro-strict

Index your code with
Devin
Share
quotepath-repro-strict
adames-cognition/quotepath-repro-strict

Strict repro: only Japanese (octal-escaped) filenames - DeepWiki hard failure

Python
Updated: Jul 8, 2026
Indexing in Progress

The indexing process typically takes 2-10 minutes to complete

Your repository is queued for indexing. You are number 1 in the queue.

✓

We'll notify you at adames.hodelin@cognition.ai once indexing is complete
