PAGE TITLE: adames-cognition/quotepath-repro-strict | DeepWiki
Filled email: adames.hodelin@cognition.ai
Clicked Index Repository
reCAPTCHA timeout detected, retrying click...
reCAPTCHA timeout detected, retrying click...
Traceback (most recent call last):
  File "/Users/ah/CascadeProjects/quotepath-repro-report/trigger_index.py", line 42, in <module>
    page.wait_for_timeout(5000)
    ~~~~~~~~~~~~~~~~~~~~~^^^^^^
  File "/Users/ah/CascadeProjects/quotepath-repro-report/.venv/lib/python3.14/site-packages/playwright/sync_api/_generated.py", line 12529, in wait_for_timeout
    self._sync(
    ~~~~~~~~~~^
        self._impl_obj.wait_for_timeout(timeout=to_milliseconds(timeout))
        ^^^^^^^^^^^^^^^^^^^^^^^^^^^^^^^^^^^^^^^^^^^^^^^^^^^^^^^^^^^^^^^^^
    )
    ^
  File "/Users/ah/CascadeProjects/quotepath-repro-report/.venv/lib/python3.14/site-packages/playwright/_impl/_sync_base.py", line 115, in _sync
    return task.result()
           ~~~~~~~~~~~^^
  File "/Users/ah/CascadeProjects/quotepath-repro-report/.venv/lib/python3.14/site-packages/playwright/_impl/_page.py", line 1135, in wait_for_timeout
    await self._main_frame.wait_for_timeout(timeout)
  File "/Users/ah/CascadeProjects/quotepath-repro-report/.venv/lib/python3.14/site-packages/playwright/_impl/_frame.py", line 916, in wait_for_timeout
    await self._channel.send("waitForTimeout", None, {"waitTimeout": timeout})
  File "/Users/ah/CascadeProjects/quotepath-repro-report/.venv/lib/python3.14/site-packages/playwright/_impl/_connection.py", line 69, in send
    return await self._connection.wrap_api_call(
           ^^^^^^^^^^^^^^^^^^^^^^^^^^^^^^^^^^^^^
    ...<3 lines>...
    )
    ^
  File "/Users/ah/CascadeProjects/quotepath-repro-report/.venv/lib/python3.14/site-packages/playwright/_impl/_connection.py", line 563, in wrap_api_call
    raise rewrite_error(error, f"{parsed_st['apiName']}: {error}") from None
playwright._impl._errors.TargetClosedError: Page.wait_for_timeout: Target page, context or browser has been closed
